Determining if the pthread_create exist failed with the following output:
Change Dir: /home/aloepacci/RosPackage/build/CMakeFiles/CMakeTmp

Run Build Command:"/usr/bin/make" "cmTC_f0c2e/fast"
/usr/bin/make -f CMakeFiles/cmTC_f0c2e.dir/build.make CMakeFiles/cmTC_f0c2e.dir/build
make[1]: se entra en el directorio '/home/aloepacci/RosPackage/build/CMakeFiles/CMakeTmp'
Building C object CMakeFiles/cmTC_f0c2e.dir/CheckSymbolExists.c.o
/usr/bin/cc    -o CMakeFiles/cmTC_f0c2e.dir/CheckSymbolExists.c.o   -c /home/aloepacci/RosPackage/build/CMakeFiles/CMakeTmp/CheckSymbolExists.c
Linking C executable cmTC_f0c2e
/usr/bin/cmake -E cmake_link_script CMakeFiles/cmTC_f0c2e.dir/link.txt --verbose=1
/usr/bin/cc      -rdynamic CMakeFiles/cmTC_f0c2e.dir/CheckSymbolExists.c.o  -o cmTC_f0c2e 
CMakeFiles/cmTC_f0c2e.dir/CheckSymbolExists.c.o: En la función `main':
CheckSymbolExists.c:(.text+0x1b): referencia a `pthread_create' sin definir
collect2: error: ld returned 1 exit status
CMakeFiles/cmTC_f0c2e.dir/build.make:97: fallo en las instrucciones para el objetivo 'cmTC_f0c2e'
make[1]: *** [cmTC_f0c2e] Error 1
make[1]: se sale del directorio '/home/aloepacci/RosPackage/build/CMakeFiles/CMakeTmp'
Makefile:126: fallo en las instrucciones para el objetivo 'cmTC_f0c2e/fast'
make: *** [cmTC_f0c2e/fast] Error 2

File /home/aloepacci/RosPackage/build/CMakeFiles/CMakeTmp/CheckSymbolExists.c:
/* */
#include <pthread.h>

int main(int argc, char** argv)
{
  (void)argv;
#ifndef pthread_create
  return ((int*)(&pthread_create))[argc];
#else
  (void)argc;
  return 0;
#endif
}

Determining if the function pthread_create exists in the pthreads failed with the following output:
Change Dir: /home/aloepacci/RosPackage/build/CMakeFiles/CMakeTmp

Run Build Command:"/usr/bin/make" "cmTC_a031b/fast"
/usr/bin/make -f CMakeFiles/cmTC_a031b.dir/build.make CMakeFiles/cmTC_a031b.dir/build
make[1]: se entra en el directorio '/home/aloepacci/RosPackage/build/CMakeFiles/CMakeTmp'
Building C object CMakeFiles/cmTC_a031b.dir/CheckFunctionExists.c.o
/usr/bin/cc   -DCHECK_FUNCTION_EXISTS=pthread_create   -o CMakeFiles/cmTC_a031b.dir/CheckFunctionExists.c.o   -c /usr/share/cmake-3.10/Modules/CheckFunctionExists.c
Linking C executable cmTC_a031b
/usr/bin/cmake -E cmake_link_script CMakeFiles/cmTC_a031b.dir/link.txt --verbose=1
/usr/bin/cc  -DCHECK_FUNCTION_EXISTS=pthread_create    -rdynamic CMakeFiles/cmTC_a031b.dir/CheckFunctionExists.c.o  -o cmTC_a031b -lpthreads 
/usr/bin/ld: no se puede encontrar -lpthreads
collect2: error: ld returned 1 exit status
CMakeFiles/cmTC_a031b.dir/build.make:97: fallo en las instrucciones para el objetivo 'cmTC_a031b'
make[1]: *** [cmTC_a031b] Error 1
make[1]: se sale del directorio '/home/aloepacci/RosPackage/build/CMakeFiles/CMakeTmp'
Makefile:126: fallo en las instrucciones para el objetivo 'cmTC_a031b/fast'
make: *** [cmTC_a031b/fast] Error 2


